<?xml version="1.0" encoding="UTF-8"?>
<!-- Generated by org.testng.reporters.JUnitReportReporter -->
<testsuite hostname="DELL" failures="0" tests="1" name="TS_002_LOGIN_FUNCTIONALITY.TC_GM_012_change_password" time="39.822" errors="1" timestamp="2024-05-03T14:28:21 IST" skipped="0">
  <testcase classname="TS_002_LOGIN_FUNCTIONALITY.TC_GM_012_change_password" name="VALIDATE_login__CHANGE_PASSWORD_LOGIN_FUNCTIONALITY_001" time="39.822">
    <error message="element click intercepted: Element &lt;img class=&quot;gb_o gbii&quot; src=&quot;https://lh3.google.com/u/0/ogw/AF2bZyhPK5J7bkZVgnt1B0QiT1gvsJeHy5v4RMCkVcNoDJIRZg=s32-c-mo&quot; srcset=&quot;https://lh3.google.com/u/0/ogw/AF2bZyhPK5J7bkZVgnt1B0QiT1gvsJeHy5v4RMCkVcNoDJIRZg=s32-c-mo 1x, https://lh3.google.com/u/0/ogw/AF2bZyhPK5J7bkZVgnt1B0QiT1gvsJeHy5v4RMCkVcNoDJIRZg=s64-c-mo 2x &quot; alt=&quot;&quot; aria-hidden=&quot;true&quot; data-noaft=&quot;&quot;&gt; is not clickable at point (1485, 32). Other element would receive the click: &lt;a class=&quot;gb_d gb_Ha gb_K&quot; aria-label=&quot;Google Account: AMIT SAINI  
(anitkuchhawa@gmail.com)&quot; href=&quot;https://accounts.google.com/SignOutOptions?hl=en&amp;amp;continue=https://myaccount.google.com/signinoptions/password%3Fcontinue%3Dhttps://myaccount.google.com/security%3Fhl%253Den%2526utm_source%253DOGB%2526utm_medium%253Dact%26pli%3D1%26rapt%3DAEjHL4NmPRje2YvnKchKHIfVdmWues7t7ymKSqAp5kK49eKG-we7kneHPCbrfpmjg2i2jRSk6oOxuC8X2nelMiPOM4WXAGIWBjnEEye40FaaX6a7MtP4xtY&amp;amp;ec=GBRAwAE&quot; tabindex=&quot;0&quot; role=&quot;button&quot;&gt;...&lt;/a&gt;
  (Session info: chrome=124.0.6367.63)
Build info: version: &#039;4.19.1&#039;, revision: &#039;abe0ee07dc&#039;
System info: os.name: &#039;Windows 11&#039;, os.arch: &#039;amd64&#039;, os.version: &#039;10.0&#039;, java.version: &#039;21.0.2&#039;
Driver info: org.openqa.selenium.chrome.ChromeDriver
Command: [4ed67756a66a4c10d5ea16f21f632117, clickElement {id=f.58BA996FD696B0D4F35F4A589C59A191.d.80B0407B58DE1181A9C168611463BF6D.e.40}]
Capabilities {acceptInsecureCerts: false, browserName: chrome, browserVersion: 124.0.6367.63, chrome: {chromedriverVersion: 124.0.6367.91 (51df0e5e17a8..., userDataDir: C:\Users\amits\AppData\Loca...}, fedcm:accounts: true, goog:chromeOptions: {debuggerAddress: localhost:63635}, networkConnectionEnabled: false, pageLoadStrategy: normal, platformName: windows, proxy: Proxy(), se:cdp: ws://localhost:63635/devtoo..., se:cdpVersion: 124.0.6367.63, setWindowRect: true, strictFileInteractability: false, timeouts: {implicit: 0, pageLoad: 300000, script: 30000}, unhandledPromptBehavior: dismiss and notify, webauthn:extension:credBlob: true, webauthn:extension:largeBlob: true, webauthn:extension:minPinLength: true, webauthn:extension:prf: true, webauthn:virtualAuthenticators: true}
Element: [[ChromeDriver: chrome on windows (4ed67756a66a4c10d5ea16f21f632117)] -&gt; xpath: //*[@id=&quot;gb&quot;]/div/div/div[1]/div[2]/div/a/img]
Session ID: 4ed67756a66a4c10d5ea16f21f632117" type="org.openqa.selenium.ElementClickInterceptedException">
      <![CDATA[org.openqa.selenium.ElementClickInterceptedException: element click intercepted: Element <img class="gb_o gbii" src="https://lh3.google.com/u/0/ogw/AF2bZyhPK5J7bkZVgnt1B0QiT1gvsJeHy5v4RMCkVcNoDJIRZg=s32-c-mo" srcset="https://lh3.google.com/u/0/ogw/AF2bZyhPK5J7bkZVgnt1B0QiT1gvsJeHy5v4RMCkVcNoDJIRZg=s32-c-mo 1x, https://lh3.google.com/u/0/ogw/AF2bZyhPK5J7bkZVgnt1B0QiT1gvsJeHy5v4RMCkVcNoDJIRZg=s64-c-mo 2x " alt="" aria-hidden="true" data-noaft=""> is not clickable at point (1485, 32). Other element would receive the click: <a class="gb_d gb_Ha gb_K" aria-label="Google Account: AMIT SAINI  
(anitkuchhawa@gmail.com)" href="https://accounts.google.com/SignOutOptions?hl=en&amp;continue=https://myaccount.google.com/signinoptions/password%3Fcontinue%3Dhttps://myaccount.google.com/security%3Fhl%253Den%2526utm_source%253DOGB%2526utm_medium%253Dact%26pli%3D1%26rapt%3DAEjHL4NmPRje2YvnKchKHIfVdmWues7t7ymKSqAp5kK49eKG-we7kneHPCbrfpmjg2i2jRSk6oOxuC8X2nelMiPOM4WXAGIWBjnEEye40FaaX6a7MtP4xtY&amp;ec=GBRAwAE" tabindex="0" role="button">...</a>
  (Session info: chrome=124.0.6367.63)
Build info: version: '4.19.1', revision: 'abe0ee07dc'
System info: os.name: 'Windows 11', os.arch: 'amd64', os.version: '10.0', java.version: '21.0.2'
Driver info: org.openqa.selenium.chrome.ChromeDriver
Command: [4ed67756a66a4c10d5ea16f21f632117, clickElement {id=f.58BA996FD696B0D4F35F4A589C59A191.d.80B0407B58DE1181A9C168611463BF6D.e.40}]
Capabilities {acceptInsecureCerts: false, browserName: chrome, browserVersion: 124.0.6367.63, chrome: {chromedriverVersion: 124.0.6367.91 (51df0e5e17a8..., userDataDir: C:\Users\amits\AppData\Loca...}, fedcm:accounts: true, goog:chromeOptions: {debuggerAddress: localhost:63635}, networkConnectionEnabled: false, pageLoadStrategy: normal, platformName: windows, proxy: Proxy(), se:cdp: ws://localhost:63635/devtoo..., se:cdpVersion: 124.0.6367.63, setWindowRect: true, strictFileInteractability: false, timeouts: {implicit: 0, pageLoad: 300000, script: 30000}, unhandledPromptBehavior: dismiss and notify, webauthn:extension:credBlob: true, webauthn:extension:largeBlob: true, webauthn:extension:minPinLength: true, webauthn:extension:prf: true, webauthn:virtualAuthenticators: true}
Element: [[ChromeDriver: chrome on windows (4ed67756a66a4c10d5ea16f21f632117)] -> xpath: //*[@id="gb"]/div/div/div[1]/div[2]/div/a/img]
Session ID: 4ed67756a66a4c10d5ea16f21f632117
at java.base/jdk.internal.reflect.DirectConstructorHandleAccessor.newInstance(DirectConstructorHandleAccessor.java:62)
at java.base/java.lang.reflect.Constructor.newInstanceWithCaller(Constructor.java:502)
at java.base/java.lang.reflect.Constructor.newInstance(Constructor.java:486)
at org.openqa.selenium.remote.ErrorCodec.decode(ErrorCodec.java:167)
at org.openqa.selenium.remote.codec.w3c.W3CHttpResponseCodec.decode(W3CHttpResponseCodec.java:138)
at org.openqa.selenium.remote.codec.w3c.W3CHttpResponseCodec.decode(W3CHttpResponseCodec.java:50)
at org.openqa.selenium.remote.HttpCommandExecutor.execute(HttpCommandExecutor.java:190)
at org.openqa.selenium.remote.service.DriverCommandExecutor.invokeExecute(DriverCommandExecutor.java:216)
at org.openqa.selenium.remote.service.DriverCommandExecutor.execute(DriverCommandExecutor.java:174)
at org.openqa.selenium.remote.RemoteWebDriver.execute(RemoteWebDriver.java:518)
at org.openqa.selenium.remote.RemoteWebElement.execute(RemoteWebElement.java:223)
at org.openqa.selenium.remote.RemoteWebElement.click(RemoteWebElement.java:76)
at TS_002_LOGIN_FUNCTIONALITY.TC_GM_012_change_password.VALIDATE_login__CHANGE_PASSWORD_LOGIN_FUNCTIONALITY_001(TC_GM_012_change_password.java:77)
at java.base/jdk.internal.reflect.DirectMethodHandleAccessor.invoke(DirectMethodHandleAccessor.java:103)
at java.base/java.lang.reflect.Method.invoke(Method.java:580)
at org.testng.internal.MethodInvocationHelper.invokeMethod(MethodInvocationHelper.java:133)
at org.testng.internal.TestInvoker.invokeMethod(TestInvoker.java:598)
at org.testng.internal.TestInvoker.invokeTestMethod(TestInvoker.java:173)
at org.testng.internal.MethodRunner.runInSequence(MethodRunner.java:46)
at org.testng.internal.TestInvoker$MethodInvocationAgent.invoke(TestInvoker.java:824)
at org.testng.internal.TestInvoker.invokeTestMethods(TestInvoker.java:146)
at org.testng.internal.TestMethodWorker.invokeTestMethods(TestMethodWorker.java:146)
at org.testng.internal.TestMethodWorker.run(TestMethodWorker.java:128)
at java.base/java.util.ArrayList.forEach(ArrayList.java:1596)
at org.testng.TestRunner.privateRun(TestRunner.java:794)
at org.testng.TestRunner.run(TestRunner.java:596)
at org.testng.SuiteRunner.runTest(SuiteRunner.java:377)
at org.testng.SuiteRunner.runSequentially(SuiteRunner.java:371)
at org.testng.SuiteRunner.privateRun(SuiteRunner.java:332)
at org.testng.SuiteRunner.run(SuiteRunner.java:276)
at org.testng.SuiteRunnerWorker.runSuite(SuiteRunnerWorker.java:53)
at org.testng.SuiteRunnerWorker.run(SuiteRunnerWorker.java:96)
at org.testng.TestNG.runSuitesSequentially(TestNG.java:1212)
at org.testng.TestNG.runSuitesLocally(TestNG.java:1134)
at org.testng.TestNG.runSuites(TestNG.java:1063)
at org.testng.TestNG.run(TestNG.java:1031)
at org.testng.remote.AbstractRemoteTestNG.run(AbstractRemoteTestNG.java:115)
at org.testng.remote.RemoteTestNG.initAndRun(RemoteTestNG.java:251)
at org.testng.remote.RemoteTestNG.main(RemoteTestNG.java:77)
]]>
    </error>
  </testcase> <!-- VALIDATE_login__CHANGE_PASSWORD_LOGIN_FUNCTIONALITY_001 -->
  <system-out/>
</testsuite> <!-- TS_002_LOGIN_FUNCTIONALITY.TC_GM_012_change_password -->
